TN:
SF:app/api/auth/login/route.ts
FN:1,(empty-report)
FNF:1
FNH:0
FNDA:0,(empty-report)
DA:1,0
DA:2,0
DA:3,0
DA:4,0
DA:5,0
DA:7,0
DA:8,0
DA:9,0
DA:10,0
DA:11,0
DA:12,0
DA:13,0
DA:15,0
DA:19,0
DA:20,0
DA:21,0
DA:22,0
DA:23,0
DA:24,0
DA:26,0
DA:27,0
DA:29,0
DA:30,0
DA:31,0
DA:33,0
DA:34,0
DA:35,0
DA:36,0
DA:37,0
DA:38,0
DA:39,0
LF:31
LH:0
BRDA:1,0,0,0
BRF:1
BRH:0
end_of_record
TN:
SF:app/api/auth/logout/route.ts
FN:1,(empty-report)
FNF:1
FNH:0
FNDA:0,(empty-report)
DA:1,0
DA:2,0
DA:4,0
DA:5,0
DA:6,0
DA:7,0
DA:8,0
DA:9,0
DA:10,0
DA:11,0
DA:12,0
DA:13,0
LF:12
LH:0
BRDA:1,0,0,0
BRF:1
BRH:0
end_of_record
TN:
SF:app/api/auth/session/route.ts
FN:1,(empty-report)
FNF:1
FNH:0
FNDA:0,(empty-report)
DA:1,0
DA:2,0
DA:3,0
DA:5,0
DA:6,0
DA:7,0
DA:8,0
DA:10,0
DA:12,0
DA:13,0
DA:14,0
DA:16,0
DA:17,0
DA:18,0
DA:20,0
DA:21,0
DA:22,0
LF:17
LH:0
BRDA:1,0,0,0
BRF:1
BRH:0
end_of_record
TN:
SF:app/api/auth/signup/route.ts
FN:1,(empty-report)
FNF:1
FNH:0
FNDA:0,(empty-report)
DA:1,0
DA:2,0
DA:3,0
DA:4,0
DA:5,0
DA:7,0
DA:8,0
DA:9,0
DA:10,0
DA:11,0
DA:12,0
DA:13,0
DA:15,0
DA:16,0
DA:19,0
DA:20,0
DA:21,0
DA:22,0
DA:23,0
DA:25,0
DA:26,0
DA:27,0
DA:28,0
DA:29,0
DA:30,0
DA:31,0
DA:33,0
DA:34,0
DA:35,0
DA:38,0
DA:41,0
DA:42,0
DA:44,0
DA:45,0
DA:46,0
DA:48,0
DA:49,0
DA:50,0
DA:51,0
DA:52,0
DA:53,0
DA:54,0
LF:42
LH:0
BRDA:1,0,0,0
BRF:1
BRH:0
end_of_record
TN:
SF:app/api/players/canvas/route.ts
FN:1,(empty-report)
FNF:1
FNH:0
FNDA:0,(empty-report)
DA:1,0
DA:2,0
DA:3,0
DA:4,0
DA:6,0
DA:7,0
DA:8,0
DA:9,0
DA:10,0
DA:12,0
DA:13,0
DA:14,0
DA:15,0
DA:16,0
DA:17,0
DA:18,0
DA:20,0
DA:21,0
DA:22,0
DA:23,0
DA:24,0
DA:26,0
DA:27,0
DA:28,0
DA:30,0
DA:31,0
DA:32,0
DA:33,0
DA:34,0
DA:35,0
DA:36,0
LF:31
LH:0
BRDA:1,0,0,0
BRF:1
BRH:0
end_of_record
TN:
SF:app/api/players/coins/route.ts
FN:1,(empty-report)
FNF:1
FNH:0
FNDA:0,(empty-report)
DA:1,0
DA:2,0
DA:3,0
DA:4,0
DA:6,0
DA:7,0
DA:8,0
DA:9,0
DA:10,0
DA:12,0
DA:13,0
DA:14,0
DA:16,0
DA:17,0
DA:18,0
DA:19,0
DA:20,0
DA:21,0
DA:22,0
LF:19
LH:0
BRDA:1,0,0,0
BRF:1
BRH:0
end_of_record
TN:
SF:app/api/players/me/route.ts
FN:1,(empty-report)
FNF:1
FNH:0
FNDA:0,(empty-report)
DA:1,0
DA:2,0
DA:3,0
DA:5,0
DA:6,0
DA:7,0
DA:8,0
DA:9,0
DA:11,0
DA:12,0
DA:13,0
DA:14,0
DA:15,0
DA:16,0
DA:17,0
DA:18,0
DA:19,0
DA:20,0
LF:18
LH:0
BRDA:1,0,0,0
BRF:1
BRH:0
end_of_record
TN:
SF:app/api/players/migrate/route.ts
FN:1,(empty-report)
FNF:1
FNH:0
FNDA:0,(empty-report)
DA:1,0
DA:2,0
DA:3,0
DA:4,0
DA:6,0
DA:7,0
DA:8,0
DA:9,0
DA:10,0
DA:12,0
DA:13,0
DA:14,0
DA:16,0
DA:17,0
DA:18,0
DA:19,0
DA:20,0
DA:21,0
DA:22,0
LF:19
LH:0
BRDA:1,0,0,0
BRF:1
BRH:0
end_of_record
TN:
SF:app/api/players/stickers/route.ts
FN:1,(empty-report)
FNF:1
FNH:0
FNDA:0,(empty-report)
DA:1,0
DA:2,0
DA:3,0
DA:4,0
DA:6,0
DA:7,0
DA:8,0
DA:9,0
DA:10,0
DA:12,0
DA:13,0
DA:14,0
DA:15,0
DA:16,0
DA:17,0
DA:18,0
DA:20,0
DA:21,0
DA:22,0
DA:23,0
DA:24,0
DA:26,0
DA:27,0
DA:28,0
DA:30,0
DA:32,0
DA:33,0
DA:34,0
DA:35,0
DA:36,0
DA:38,0
DA:40,0
DA:41,0
DA:42,0
DA:43,0
DA:44,0
DA:45,0
DA:46,0
DA:47,0
DA:48,0
DA:49,0
LF:41
LH:0
BRDA:1,0,0,0
BRF:1
BRH:0
end_of_record
TN:
SF:app/api/quiz/history/route.ts
FN:1,(empty-report)
FNF:1
FNH:0
FNDA:0,(empty-report)
DA:1,0
DA:2,0
DA:3,0
DA:4,0
DA:6,0
DA:7,0
DA:8,0
DA:9,0
DA:10,0
DA:12,0
DA:13,0
DA:14,0
DA:15,0
DA:16,0
DA:17,0
DA:18,0
DA:20,0
DA:21,0
DA:22,0
DA:23,0
DA:24,0
DA:26,0
DA:27,0
DA:28,0
DA:30,0
DA:31,0
DA:32,0
DA:33,0
DA:34,0
DA:35,0
DA:36,0
DA:37,0
LF:32
LH:0
BRDA:1,0,0,0
BRF:1
BRH:0
end_of_record
TN:
SF:app/api/stickers/route.ts
FN:1,(empty-report)
FNF:1
FNH:0
FNDA:0,(empty-report)
DA:1,0
DA:2,0
DA:3,0
DA:5,0
DA:6,0
DA:7,0
DA:8,0
DA:9,0
DA:11,0
DA:12,0
DA:13,0
DA:14,0
DA:15,0
DA:16,0
DA:17,0
LF:15
LH:0
BRDA:1,0,0,0
BRF:1
BRH:0
end_of_record
TN:
SF:app/api/subjects/[key]/questions/route.ts
FN:6,GET
FNF:1
FNH:1
FNDA:7,GET
DA:1,1
DA:2,1
DA:3,1
DA:4,1
DA:6,7
DA:7,7
DA:8,7
DA:9,7
DA:10,7
DA:11,7
DA:12,7
DA:13,7
DA:15,6
DA:17,7
DA:18,7
DA:19,7
DA:21,5
DA:22,7
DA:24,3
DA:25,7
DA:26,1
DA:27,1
DA:28,1
DA:29,7
LF:24
LH:24
BRDA:6,0,0,7
BRDA:13,1,0,1
BRDA:13,2,0,6
BRDA:17,3,0,4
BRDA:19,4,0,1
BRDA:19,5,0,5
BRDA:21,6,0,4
BRDA:22,7,0,1
BRDA:22,8,0,3
BRDA:25,9,0,1
BRF:10
BRH:10
end_of_record
TN:
SF:components/coin-display.tsx
FN:7,CoinDisplay
FNF:1
FNH:1
FNDA:27,CoinDisplay
DA:3,1
DA:4,1
DA:5,1
DA:7,1
DA:8,27
DA:9,27
DA:11,27
DA:12,27
DA:13,27
DA:14,27
DA:16,27
DA:17,27
DA:18,27
DA:19,27
DA:20,27
DA:21,27
DA:22,27
DA:23,27
DA:24,27
DA:25,27
DA:26,27
DA:27,27
DA:28,27
DA:30,27
LF:24
LH:24
BRDA:7,0,0,27
BRF:1
BRH:1
end_of_record
TN:
SF:components/creative-room.tsx
FN:1,(empty-report)
FNF:1
FNH:1
FNDA:1,(empty-report)
DA:3,0
DA:4,0
DA:5,0
DA:6,0
DA:7,0
DA:8,0
DA:9,0
DA:10,0
DA:11,0
DA:12,0
DA:29,0
DA:30,0
DA:31,0
DA:32,0
DA:33,0
DA:34,0
DA:35,0
DA:36,0
DA:37,0
DA:38,0
DA:39,0
DA:40,0
DA:42,0
DA:43,0
DA:44,0
DA:45,0
DA:46,0
DA:47,0
DA:49,0
DA:50,0
DA:51,0
DA:52,0
DA:53,0
DA:54,0
DA:55,0
DA:56,0
DA:57,0
DA:58,0
DA:59,0
DA:61,0
DA:62,0
DA:63,0
DA:64,0
DA:66,0
DA:67,0
DA:68,0
DA:69,0
DA:70,0
DA:71,0
DA:72,0
DA:73,0
DA:75,0
DA:77,0
DA:78,0
DA:80,0
DA:83,0
DA:84,0
DA:85,0
DA:86,0
DA:87,0
DA:88,0
DA:89,0
DA:90,0
DA:91,0
DA:94,0
DA:95,0
DA:96,0
DA:97,0
DA:98,0
DA:99,0
DA:100,0
DA:101,0
DA:103,0
DA:104,0
DA:106,0
DA:107,0
DA:108,0
DA:109,0
DA:110,0
DA:111,0
DA:112,0
DA:113,0
DA:114,0
DA:115,0
DA:117,0
DA:118,0
DA:120,0
DA:121,0
DA:122,0
DA:124,0
DA:125,0
DA:126,0
DA:129,0
DA:130,0
DA:132,0
DA:133,0
DA:134,0
DA:135,0
DA:137,0
DA:138,0
DA:139,0
DA:140,0
DA:141,0
DA:142,0
DA:144,0
DA:145,0
DA:146,0
DA:147,0
DA:148,0
DA:149,0
DA:150,0
DA:151,0
DA:152,0
DA:154,0
DA:155,0
DA:156,0
DA:157,0
DA:159,0
DA:160,0
DA:161,0
DA:164,0
DA:165,0
DA:167,0
DA:168,0
DA:169,0
DA:170,0
DA:171,0
DA:172,0
DA:173,0
DA:174,0
DA:176,0
DA:177,0
DA:178,0
DA:179,0
DA:180,0
DA:181,0
DA:182,0
DA:183,0
DA:185,0
DA:186,0
DA:187,0
DA:188,0
DA:189,0
DA:190,0
DA:191,0
DA:192,0
DA:193,0
DA:194,0
DA:197,0
DA:198,0
DA:200,0
DA:202,0
DA:203,0
DA:204,0
DA:205,0
DA:206,0
DA:207,0
DA:208,0
DA:209,0
DA:210,0
DA:211,0
DA:212,0
DA:213,0
DA:214,0
DA:216,0
DA:217,0
DA:218,0
DA:219,0
DA:220,0
DA:221,0
DA:224,0
DA:225,0
DA:226,0
DA:227,0
DA:228,0
DA:231,0
DA:232,0
DA:233,0
DA:234,0
DA:235,0
DA:236,0
DA:239,0
DA:240,0
DA:241,0
DA:242,0
DA:243,0
DA:244,0
DA:245,0
DA:246,0
DA:247,0
DA:250,0
DA:251,0
DA:253,0
DA:254,0
DA:255,0
DA:256,0
DA:257,0
DA:258,0
DA:259,0
DA:260,0
DA:261,0
DA:262,0
DA:263,0
DA:264,0
DA:265,0
DA:266,0
DA:267,0
DA:268,0
DA:269,0
DA:270,0
DA:271,0
DA:273,0
DA:274,0
DA:275,0
DA:276,0
DA:278,0
DA:279,0
DA:282,0
DA:283,0
DA:284,0
DA:285,0
DA:286,0
DA:287,0
DA:288,0
DA:289,0
DA:290,0
DA:292,0
DA:293,0
DA:294,0
DA:295,0
DA:296,0
DA:297,0
DA:298,0
DA:299,0
DA:300,0
DA:302,0
DA:303,0
DA:304,0
DA:305,0
DA:306,0
DA:307,0
DA:308,0
DA:309,0
DA:310,0
DA:312,0
DA:313,0
DA:314,0
DA:316,0
DA:317,0
DA:319,0
DA:322,0
DA:323,0
DA:324,0
DA:325,0
DA:326,0
DA:327,0
DA:329,0
DA:332,0
DA:333,0
DA:334,0
DA:335,0
DA:336,0
DA:337,0
DA:338,0
DA:339,0
DA:340,0
DA:341,0
DA:343,0
DA:344,0
DA:345,0
DA:346,0
DA:347,0
DA:348,0
DA:349,0
DA:351,0
DA:352,0
DA:353,0
DA:354,0
DA:355,0
DA:356,0
DA:359,0
DA:360,0
DA:361,0
DA:362,0
DA:363,0
DA:364,0
DA:366,0
DA:367,0
DA:368,0
DA:369,0
DA:370,0
DA:371,0
DA:372,0
DA:373,0
DA:374,0
DA:375,0
DA:376,0
DA:377,0
DA:378,0
DA:380,0
DA:381,0
DA:382,0
DA:383,0
DA:384,0
DA:385,0
DA:386,0
DA:387,0
DA:388,0
DA:390,0
DA:391,0
DA:392,0
DA:393,0
DA:394,0
DA:395,0
DA:396,0
DA:397,0
DA:399,0
DA:400,0
DA:401,0
DA:402,0
DA:406,0
DA:407,0
DA:408,0
DA:409,0
DA:410,0
DA:411,0
DA:413,0
DA:414,0
DA:415,0
DA:416,0
DA:417,0
DA:419,0
LF:332
LH:0
BRDA:1,0,0,1
BRF:1
BRH:1
end_of_record
TN:
SF:components/dashboard.tsx
FN:1,(empty-report)
FNF:1
FNH:1
FNDA:1,(empty-report)
DA:3,0
DA:4,0
DA:5,0
DA:6,0
DA:7,0
DA:8,0
DA:9,0
DA:10,0
DA:11,0
DA:12,0
DA:13,0
DA:14,0
DA:24,0
DA:25,0
DA:26,0
DA:27,0
DA:28,0
DA:29,0
DA:31,0
DA:32,0
DA:33,0
DA:34,0
DA:36,0
DA:37,0
DA:38,0
DA:40,0
DA:43,0
DA:44,0
DA:45,0
DA:46,0
DA:47,0
DA:48,0
DA:50,0
DA:53,0
DA:54,0
DA:55,0
DA:56,0
DA:57,0
DA:58,0
DA:59,0
DA:61,0
DA:64,0
DA:65,0
DA:66,0
DA:67,0
DA:68,0
DA:69,0
DA:70,0
DA:71,0
DA:72,0
DA:74,0
DA:77,0
DA:78,0
DA:79,0
DA:80,0
DA:81,0
DA:82,0
DA:83,0
DA:84,0
DA:85,0
DA:86,0
DA:87,0
DA:88,0
DA:89,0
DA:90,0
DA:91,0
DA:92,0
DA:93,0
DA:94,0
DA:95,0
DA:96,0
DA:97,0
DA:98,0
DA:99,0
DA:100,0
DA:101,0
DA:102,0
DA:103,0
DA:104,0
DA:105,0
DA:107,0
DA:108,0
DA:110,0
DA:113,0
DA:114,0
DA:115,0
DA:117,0
DA:118,0
DA:119,0
DA:120,0
DA:121,0
DA:123,0
DA:124,0
DA:125,0
DA:126,0
DA:127,0
DA:128,0
DA:129,0
DA:132,0
DA:133,0
DA:134,0
DA:135,0
DA:136,0
DA:137,0
DA:138,0
DA:139,0
DA:140,0
DA:141,0
DA:144,0
DA:146,0
DA:147,0
DA:148,0
DA:151,0
DA:152,0
DA:153,0
DA:154,0
DA:155,0
DA:156,0
DA:157,0
DA:158,0
DA:159,0
DA:160,0
DA:161,0
DA:162,0
DA:165,0
DA:166,0
DA:167,0
DA:168,0
DA:169,0
DA:170,0
DA:171,0
DA:172,0
DA:173,0
DA:176,0
DA:178,0
DA:179,0
DA:182,0
DA:183,0
DA:184,0
DA:185,0
DA:188,0
DA:189,0
DA:190,0
DA:191,0
DA:192,0
DA:193,0
DA:194,0
DA:196,0
DA:199,0
DA:200,0
DA:201,0
DA:202,0
DA:203,0
DA:206,0
DA:207,0
DA:209,0
DA:210,0
DA:211,0
DA:212,0
DA:214,0
LF:160
LH:0
BRDA:1,0,0,1
BRF:1
BRH:1
end_of_record
TN:
SF:components/fireworks.tsx
FN:20,Fireworks
FNF:1
FNH:1
FNDA:23,Fireworks
DA:3,1
DA:20,1
DA:21,23
DA:23,23
DA:24,4
DA:26,0
DA:27,0
DA:28,0
DA:29,0
DA:32,0
DA:33,0
DA:34,0
DA:35,0
DA:36,0
DA:37,0
DA:38,0
DA:40,0
DA:41,0
DA:43,0
DA:44,0
DA:45,0
DA:46,0
DA:47,0
DA:48,0
DA:49,0
DA:50,0
DA:51,0
DA:52,0
DA:53,0
DA:54,0
DA:55,0
DA:56,0
DA:57,0
DA:59,0
DA:62,0
DA:63,0
DA:64,0
DA:65,0
DA:67,0
DA:68,23
DA:70,23
DA:72,0
DA:73,0
DA:74,0
DA:75,0
DA:76,0
DA:77,0
DA:78,0
DA:79,0
DA:80,0
DA:81,0
DA:82,0
DA:83,0
DA:84,0
DA:85,0
DA:86,0
DA:87,0
DA:88,0
DA:89,0
DA:92,0
DA:93,0
DA:95,0
DA:96,0
DA:97,0
DA:99,0
LF:65
LH:7
BRDA:20,0,0,23
BRDA:70,1,0,0
BRDA:70,2,0,0
BRDA:23,3,0,4
BRDA:24,4,0,0
BRF:5
BRH:2
end_of_record
TN:
SF:components/floating-elements.tsx
FN:1,(empty-report)
FNF:1
FNH:1
FNDA:1,(empty-report)
DA:3,0
DA:5,0
DA:6,0
DA:7,0
DA:8,0
DA:9,0
DA:10,0
DA:11,0
DA:12,0
DA:13,0
DA:14,0
DA:15,0
DA:16,0
DA:17,0
DA:18,0
DA:20,0
DA:21,0
DA:22,0
DA:23,0
DA:24,0
DA:25,0
DA:26,0
DA:27,0
DA:28,0
DA:30,0
DA:31,0
DA:33,0
DA:34,0
DA:36,0
LF:29
LH:0
BRDA:1,0,0,1
BRF:1
BRH:1
end_of_record
TN:
SF:components/grade2-subject-view.tsx
FN:11,Grade2SubjectView
FN:74,onClick
FN:113,handleClick
FNF:3
FNH:2
FNDA:8,Grade2SubjectView
FNDA:0,onClick
FNDA:1,handleClick
DA:3,1
DA:4,1
DA:5,1
DA:11,1
DA:12,8
DA:13,8
DA:15,8
DA:16,8
DA:17,8
DA:18,8
DA:19,8
DA:20,8
DA:21,8
DA:22,8
DA:23,8
DA:24,8
DA:25,8
DA:26,8
DA:27,8
DA:28,8
DA:29,8
DA:30,8
DA:31,8
DA:32,8
DA:33,8
DA:34,8
DA:35,8
DA:36,8
DA:37,8
DA:38,8
DA:39,8
DA:40,8
DA:42,8
DA:43,8
DA:44,8
DA:45,8
DA:46,8
DA:47,8
DA:48,8
DA:49,8
DA:50,8
DA:51,8
DA:52,8
DA:53,8
DA:54,8
DA:55,8
DA:56,8
DA:57,8
DA:58,8
DA:59,8
DA:60,8
DA:61,8
DA:62,8
DA:63,8
DA:64,8
DA:65,8
DA:66,8
DA:67,8
DA:69,8
DA:70,0
DA:71,0
DA:72,0
DA:73,0
DA:74,0
DA:75,0
DA:76,0
DA:78,0
DA:79,0
DA:80,0
DA:81,0
DA:82,0
DA:83,0
DA:84,0
DA:85,0
DA:86,0
DA:87,0
DA:88,0
DA:89,0
DA:90,0
DA:91,0
DA:93,0
DA:94,0
DA:95,0
DA:96,0
DA:97,0
DA:98,0
DA:99,0
DA:100,0
DA:101,0
DA:103,0
DA:104,0
DA:105,0
DA:107,0
DA:109,8
DA:110,8
DA:111,8
DA:112,24
DA:113,24
DA:114,1
DA:115,0
DA:116,1
DA:117,1
DA:118,1
DA:119,0
DA:120,0
DA:121,1
DA:122,24
DA:123,24
DA:124,24
DA:125,24
DA:126,24
DA:127,24
DA:129,24
DA:130,24
DA:131,24
DA:132,24
DA:133,24
DA:134,24
DA:135,24
DA:136,24
DA:137,24
DA:139,8
DA:140,8
DA:142,8
LF:124
LH:87
BRDA:11,0,0,8
BRDA:69,1,0,0
BRDA:111,2,0,24
BRDA:113,3,0,1
BRDA:114,4,0,0
BRDA:118,5,0,0
BRF:6
BRH:3
end_of_record
TN:
SF:components/language-switcher.tsx
FN:10,LanguageSwitcher
FN:24,onClick
FNF:2
FNH:2
FNDA:23,LanguageSwitcher
FNDA:1,onClick
DA:3,1
DA:4,1
DA:10,1
DA:11,23
DA:13,23
DA:14,23
DA:15,23
DA:16,23
DA:18,23
DA:19,23
DA:20,23
DA:21,23
DA:22,46
DA:23,46
DA:24,46
DA:25,46
DA:27,46
DA:28,23
DA:29,23
DA:30,46
DA:32,46
DA:33,46
DA:35,46
DA:36,46
DA:37,23
DA:38,23
DA:40,23
DA:42,0
DA:43,0
DA:44,0
DA:45,0
DA:46,0
DA:47,23
DA:48,23
DA:49,23
DA:50,23
DA:51,23
DA:52,0
DA:53,0
DA:54,0
DA:55,0
DA:57,0
DA:58,0
DA:59,0
DA:60,0
DA:62,0
DA:63,0
DA:65,0
DA:66,0
DA:67,0
DA:68,23
DA:69,23
DA:70,23
DA:72,23
LF:54
LH:36
BRDA:10,0,0,23
BRDA:40,1,0,0
BRDA:47,2,0,0
BRDA:21,3,0,46
BRDA:27,4,0,23
BRDA:28,5,0,23
BRDA:24,6,0,1
BRF:7
BRH:5
end_of_record
TN:
SF:components/learning-zone.tsx
FN:34,generateDistractors
FN:44,getAdjacentPool
FN:75,insertAtRandom
FN:85,generateAdditionQuestion
FN:95,generateSubtractionQuestion
FN:107,generateTimesTableQuestion
FN:126,generateMathQuestion
FN:160,isContentSubject
FN:164,LearningZone
FN:244,handleQuizCompleteInternal
FN:257,renderCategoryCard
FN:262,onClick
FN:342,onClick
FN:374,onClose
FNF:14
FNH:12
FNDA:3380,generateDistractors
FNDA:1650,getAdjacentPool
FNDA:3080,insertAtRandom
FNDA:1441,generateAdditionQuestion
FNDA:514,generateSubtractionQuestion
FNDA:721,generateTimesTableQuestion
FNDA:20,generateMathQuestion
FNDA:27,isContentSubject
FNDA:27,LearningZone
FNDA:0,handleQuizCompleteInternal
FNDA:51,renderCategoryCard
FNDA:3,onClick
FNDA:2,onClick
FNDA:0,onClose
DA:3,1
DA:4,1
DA:6,1
DA:7,1
DA:8,1
DA:9,1
DA:10,1
DA:11,1
DA:12,1
DA:13,1
DA:14,1
DA:15,1
DA:34,1
DA:35,3380
DA:36,3380
DA:37,3380
DA:38,3380
DA:39,3380
DA:40,3380
DA:41,3380
DA:42,3380
DA:44,3380
DA:45,1650
DA:46,498
DA:47,498
DA:48,498
DA:49,498
DA:50,498
DA:51,498
DA:52,498
DA:53,1152
DA:54,1650
DA:56,3380
DA:57,3380
DA:59,3380
DA:60,7166
DA:61,7166
DA:62,3196
DA:63,7166
DA:64,3970
DA:65,3970
DA:66,3970
DA:67,7166
DA:68,6760
DA:69,6760
DA:70,6760
DA:71,7166
DA:72,3380
DA:73,3380
DA:75,1
DA:76,3080
DA:77,3080
DA:78,3080
DA:79,3080
DA:80,3080
DA:81,3080
DA:82,3080
DA:83,3080
DA:85,1
DA:86,1441
DA:87,1441
DA:88,1441
DA:89,1441
DA:90,1441
DA:91,1441
DA:92,1441
DA:93,1441
DA:95,1
DA:96,514
DA:97,514
DA:98,514
DA:99,514
DA:100,514
DA:101,514
DA:102,514
DA:103,514
DA:104,514
DA:105,514
DA:107,1
DA:108,721
DA:109,721
DA:110,721
DA:111,721
DA:112,721
DA:113,721
DA:114,721
DA:115,721
DA:116,397
DA:117,324
DA:118,138
DA:119,186
DA:120,721
DA:121,721
DA:122,721
DA:123,721
DA:124,721
DA:126,20
DA:127,20
DA:128,20
DA:129,20
DA:130,7
DA:131,7
DA:132,7
DA:133,20
DA:134,13
DA:135,13
DA:136,13
DA:137,13
DA:138,20
DA:139,20
DA:140,50
DA:141,50
DA:142,50
DA:143,42
DA:144,42
DA:145,50
DA:146,20
DA:147,20
DA:148,20
DA:149,20
DA:150,20
DA:151,20
DA:155,1
DA:156,1
DA:157,1
DA:158,1
DA:160,27
DA:161,27
DA:162,27
DA:164,1
DA:165,27
DA:166,27
DA:167,27
DA:168,27
DA:169,27
DA:170,27
DA:171,27
DA:174,27
DA:175,27
DA:180,27
DA:181,27
DA:182,27
DA:183,27
DA:184,27
DA:185,15
DA:186,5
DA:187,5
DA:188,5
DA:189,15
DA:190,2
DA:191,2
DA:192,2
DA:193,0
DA:194,2
DA:195,2
DA:196,2
DA:197,2
DA:198,2
DA:199,2
DA:200,2
DA:201,2
DA:202,15
DA:204,8
DA:205,8
DA:206,27
DA:208,27
DA:209,27
DA:213,27
DA:214,27
DA:215,27
DA:216,27
DA:217,27
DA:218,27
DA:220,27
DA:221,27
DA:222,27
DA:223,27
DA:224,27
DA:226,27
DA:227,27
DA:228,27
DA:229,27
DA:230,27
DA:232,27
DA:233,27
DA:234,27
DA:235,27
DA:236,27
DA:238,27
DA:239,27
DA:240,27
DA:241,27
DA:242,27
DA:244,27
DA:245,0
DA:247,0
DA:248,0
DA:249,0
DA:250,0
DA:251,0
DA:253,0
DA:254,0
DA:255,0
DA:257,27
DA:258,51
DA:259,51
DA:260,51
DA:261,51
DA:262,51
DA:263,51
DA:264,51
DA:266,51
DA:267,51
DA:268,51
DA:269,51
DA:270,51
DA:271,51
DA:272,51
DA:273,51
DA:274,51
DA:276,51
DA:278,27
DA:279,27
DA:280,27
DA:281,27
DA:283,27
DA:284,27
DA:285,27
DA:286,27
DA:287,27
DA:288,27
DA:290,27
DA:291,27
DA:293,27
DA:296,27
DA:297,27
DA:298,27
DA:299,27
DA:300,27
DA:301,27
DA:302,27
DA:303,27
DA:305,27
DA:306,27
DA:307,27
DA:308,27
DA:309,27
DA:310,27
DA:311,27
DA:312,27
DA:314,27
DA:315,27
DA:316,27
DA:317,27
DA:318,27
DA:319,27
DA:320,27
DA:321,27
DA:322,27
DA:323,27
DA:326,27
DA:328,27
DA:329,27
DA:330,27
DA:333,27
DA:335,27
DA:336,27
DA:337,81
DA:338,81
DA:339,81
DA:340,81
DA:341,81
DA:342,81
DA:343,81
DA:344,81
DA:345,27
DA:346,54
DA:347,81
DA:348,81
DA:350,81
DA:351,81
DA:352,81
DA:354,27
DA:355,27
DA:358,27
DA:359,27
DA:360,10
DA:362,17
DA:363,17
DA:364,17
DA:366,27
DA:367,27
DA:368,27
DA:371,27
DA:372,19
DA:373,19
DA:374,19
DA:375,19
DA:376,19
DA:377,19
DA:378,19
DA:379,19
DA:380,19
DA:381,19
DA:382,19
DA:383,19
DA:385,27
DA:387,27
LF:308
LH:298
BRDA:34,0,0,3380
BRDA:56,1,0,1650
BRDA:56,2,0,1730
BRDA:59,3,0,7166
BRDA:61,4,0,3372
BRDA:61,5,0,3196
BRDA:63,6,0,3970
BRDA:65,7,0,1980
BRDA:65,8,0,1990
BRDA:67,9,0,6855
BRDA:67,10,0,6760
BRDA:44,11,0,1650
BRDA:45,12,0,498
BRDA:45,13,0,498
BRDA:45,14,0,498
BRDA:48,15,0,996
BRDA:48,16,0,926
BRDA:48,17,0,870
BRDA:50,18,0,996
BRDA:50,19,0,947
BRDA:50,20,0,903
BRDA:52,21,0,1152
BRDA:53,22,0,2304
BRDA:75,23,0,3080
BRDA:85,24,0,1441
BRDA:89,25,0,712
BRDA:89,26,0,729
BRDA:95,27,0,514
BRDA:101,28,0,278
BRDA:101,29,0,236
BRDA:107,30,0,721
BRDA:113,31,0,397
BRDA:113,32,0,324
BRDA:115,33,0,397
BRDA:116,34,0,324
BRDA:117,35,0,138
BRDA:118,36,0,186
BRDA:120,37,0,366
BRDA:120,38,0,355
BRDA:126,39,0,20
BRDA:129,40,0,7
BRDA:133,41,0,13
BRDA:139,42,0,50
BRDA:141,43,0,35
BRDA:141,44,0,15
BRDA:142,45,0,42
BRDA:142,46,0,42
BRDA:150,47,0,7
BRDA:150,48,0,13
BRDA:160,49,0,27
BRDA:161,50,0,19
BRDA:164,51,0,27
BRDA:175,52,0,17
BRDA:175,53,0,10
BRDA:208,54,0,13
BRDA:208,55,0,14
BRDA:283,56,0,19
BRDA:283,57,0,8
BRDA:284,58,0,17
BRDA:284,59,0,5
BRDA:284,60,0,12
BRDA:284,61,0,10
BRDA:284,62,0,2
BRDA:284,63,0,8
BRDA:285,64,0,17
BRDA:285,65,0,10
BRDA:285,66,0,2
BRDA:285,67,0,8
BRDA:359,68,0,10
BRDA:360,69,0,17
BRDA:371,70,0,19
BRDA:371,71,0,19
BRDA:371,72,0,2
BRDA:371,73,0,19
BRDA:379,74,0,17
BRDA:379,75,0,8
BRDA:380,76,0,17
BRDA:380,77,0,1
BRDA:381,78,0,17
BRDA:381,79,0,0
BRDA:168,80,0,4
BRDA:169,81,0,4
BRDA:170,82,0,4
BRDA:171,83,0,5
BRDA:171,84,0,50
BRDA:184,85,0,15
BRDA:185,86,0,5
BRDA:188,87,0,10
BRDA:189,88,0,2
BRDA:189,89,0,2
BRDA:202,90,0,8
BRDA:186,91,0,5
BRDA:186,92,0,0
BRDA:191,93,0,2
BRDA:192,94,0,0
BRDA:204,95,0,7
BRDA:204,96,0,1
BRDA:204,97,0,6
BRDA:257,98,0,51
BRDA:262,99,0,3
BRDA:287,100,0,185
BRDA:288,101,0,51
BRDA:336,102,0,81
BRDA:344,103,0,27
BRDA:345,104,0,54
BRDA:342,105,0,2
BRF:106
BRH:103
end_of_record
TN:
SF:components/login-view.tsx
FN:1,(empty-report)
FNF:1
FNH:1
FNDA:1,(empty-report)
DA:3,0
DA:4,0
DA:10,0
DA:11,0
DA:12,0
DA:13,0
DA:14,0
DA:16,0
DA:17,0
DA:18,0
DA:19,0
DA:20,0
DA:21,0
DA:23,0
DA:24,0
DA:25,0
DA:26,0
DA:27,0
DA:28,0
DA:30,0
DA:31,0
DA:32,0
DA:34,0
DA:35,0
DA:36,0
DA:37,0
DA:38,0
DA:39,0
DA:40,0
DA:41,0
DA:42,0
DA:43,0
DA:44,0
DA:45,0
DA:46,0
DA:48,0
DA:49,0
DA:51,0
DA:52,0
DA:53,0
DA:54,0
DA:55,0
DA:56,0
DA:57,0
DA:58,0
DA:59,0
DA:60,0
DA:61,0
DA:62,0
DA:63,0
DA:65,0
DA:66,0
DA:67,0
DA:68,0
DA:71,0
DA:72,0
DA:73,0
DA:74,0
DA:75,0
DA:77,0
DA:78,0
DA:79,0
DA:81,0
DA:82,0
DA:83,0
DA:84,0
DA:85,0
DA:86,0
DA:87,0
DA:89,0
DA:90,0
DA:91,0
DA:93,0
LF:73
LH:0
BRDA:1,0,0,1
BRF:1
BRH:1
end_of_record
TN:
SF:components/quiz-modal.tsx
FN:31,QuizModal
FN:55,handleAnswer
FN:68,handleNext
FN:78,handleFinish
FN:88,handleClose
FN:247,onClick
FNF:6
FNH:1
FNDA:22,QuizModal
FNDA:0,handleAnswer
FNDA:0,handleNext
FNDA:0,handleFinish
FNDA:0,handleClose
FNDA:0,onClick
DA:3,1
DA:4,1
DA:6,1
DA:31,1
DA:32,22
DA:33,22
DA:34,22
DA:35,22
DA:36,22
DA:37,22
DA:38,22
DA:39,22
DA:40,22
DA:41,22
DA:42,22
DA:43,22
DA:44,22
DA:45,22
DA:46,22
DA:47,22
DA:48,22
DA:49,22
DA:51,22
DA:53,21
DA:55,21
DA:56,0
DA:58,0
DA:59,0
DA:60,0
DA:61,0
DA:63,0
DA:64,0
DA:65,0
DA:66,0
DA:68,21
DA:69,0
DA:70,0
DA:71,0
DA:72,0
DA:73,0
DA:74,0
DA:75,0
DA:76,0
DA:78,21
DA:79,0
DA:80,0
DA:81,0
DA:82,0
DA:83,0
DA:84,0
DA:85,0
DA:86,0
DA:88,21
DA:89,0
DA:90,0
DA:91,0
DA:92,0
DA:93,0
DA:94,0
DA:95,0
DA:96,0
DA:98,21
DA:99,21
DA:101,21
DA:102,21
DA:103,21
DA:104,21
DA:107,21
DA:109,21
DA:110,21
DA:111,21
DA:112,21
DA:113,21
DA:114,21
DA:115,21
DA:116,21
DA:117,21
DA:118,21
DA:119,21
DA:121,21
DA:122,21
DA:123,21
DA:126,21
DA:127,21
DA:129,2
DA:130,2
DA:131,2
DA:132,2
DA:133,2
DA:134,2
DA:135,2
DA:137,2
DA:138,2
DA:139,2
DA:140,2
DA:141,19
DA:143,1
DA:144,1
DA:145,1
DA:146,1
DA:147,1
DA:148,1
DA:149,1
DA:151,1
DA:152,1
DA:153,1
DA:154,18
DA:156,12
DA:157,12
DA:158,12
DA:159,12
DA:160,6
DA:162,0
DA:163,0
DA:164,0
DA:165,0
DA:166,0
DA:167,0
DA:168,0
DA:169,0
DA:170,0
DA:171,0
DA:172,0
DA:173,0
DA:174,0
DA:175,0
DA:176,0
DA:177,0
DA:178,0
DA:179,0
DA:180,0
DA:182,0
DA:183,0
DA:184,0
DA:187,6
DA:189,6
DA:190,6
DA:191,6
DA:192,6
DA:193,6
DA:194,6
DA:195,6
DA:196,6
DA:197,6
DA:198,6
DA:199,6
DA:200,6
DA:203,6
DA:204,6
DA:205,6
DA:206,6
DA:207,6
DA:208,6
DA:209,6
DA:210,6
DA:211,6
DA:212,6
DA:213,6
DA:215,6
DA:216,6
DA:217,6
DA:219,6
DA:222,6
DA:223,6
DA:224,6
DA:227,6
DA:228,6
DA:229,18
DA:230,18
DA:231,18
DA:233,18
DA:234,18
DA:235,0
DA:236,0
DA:237,0
DA:238,0
DA:239,0
DA:240,0
DA:241,0
DA:242,0
DA:244,18
DA:245,18
DA:246,18
DA:247,18
DA:248,18
DA:249,18
DA:250,18
DA:252,18
DA:253,18
DA:254,0
DA:256,18
DA:257,0
DA:259,18
DA:261,6
DA:262,6
DA:265,6
DA:266,0
DA:267,0
DA:268,0
DA:269,0
DA:270,0
DA:271,0
DA:272,0
DA:273,0
DA:275,0
DA:276,0
DA:277,0
DA:278,0
DA:280,6
DA:282,22
DA:283,22
DA:284,22
DA:286,22
LF:213
LH:136
BRDA:31,0,0,22
BRDA:51,1,0,1
BRDA:51,2,0,21
BRDA:127,3,0,2
BRDA:140,4,0,19
BRDA:141,5,0,1
BRDA:153,6,0,18
BRDA:154,7,0,11
BRDA:154,8,0,12
BRDA:159,9,0,6
BRDA:160,10,0,0
BRDA:265,11,0,0
BRDA:203,12,0,6
BRDA:205,13,0,4
BRDA:205,14,0,2
BRDA:206,15,0,4
BRDA:206,16,0,2
BRDA:207,17,0,4
BRDA:207,18,0,2
BRDA:228,19,0,18
BRDA:234,20,0,0
BRDA:253,21,0,0
BRDA:253,22,0,0
BRDA:256,23,0,0
BRDA:256,24,0,0
BRDA:256,25,0,0
BRF:26
BRH:18
end_of_record
TN:
SF:components/register-view.tsx
FN:1,(empty-report)
FNF:1
FNH:1
FNDA:1,(empty-report)
DA:3,0
DA:4,0
DA:10,0
DA:11,0
DA:12,0
DA:13,0
DA:14,0
DA:15,0
DA:17,0
DA:18,0
DA:19,0
DA:21,0
DA:22,0
DA:23,0
DA:24,0
DA:25,0
DA:26,0
DA:27,0
DA:28,0
DA:30,0
DA:31,0
DA:32,0
DA:34,0
DA:35,0
DA:36,0
DA:37,0
DA:38,0
DA:39,0
DA:41,0
DA:42,0
DA:43,0
DA:45,0
DA:46,0
DA:47,0
DA:48,0
DA:49,0
DA:50,0
DA:51,0
DA:52,0
DA:53,0
DA:54,0
DA:55,0
DA:56,0
DA:57,0
DA:58,0
DA:60,0
DA:61,0
DA:63,0
DA:64,0
DA:65,0
DA:66,0
DA:67,0
DA:68,0
DA:69,0
DA:70,0
DA:71,0
DA:72,0
DA:73,0
DA:74,0
DA:75,0
DA:77,0
DA:78,0
DA:80,0
DA:81,0
DA:82,0
DA:83,0
DA:84,0
DA:85,0
DA:86,0
DA:87,0
DA:88,0
DA:89,0
DA:90,0
DA:91,0
DA:92,0
DA:93,0
DA:95,0
DA:96,0
DA:97,0
DA:98,0
DA:101,0
DA:102,0
DA:103,0
DA:104,0
DA:105,0
DA:107,0
DA:108,0
DA:109,0
DA:111,0
DA:112,0
DA:113,0
DA:114,0
DA:115,0
DA:116,0
DA:117,0
DA:119,0
DA:120,0
DA:121,0
DA:123,0
LF:99
LH:0
BRDA:1,0,0,1
BRF:1
BRH:1
end_of_record
TN:
SF:components/sticker-shop.tsx
FN:1,(empty-report)
FNF:1
FNH:1
FNDA:1,(empty-report)
DA:3,0
DA:4,0
DA:5,0
DA:6,0
DA:7,0
DA:8,0
DA:10,0
DA:17,0
DA:18,0
DA:19,0
DA:20,0
DA:21,0
DA:22,0
DA:23,0
DA:24,0
DA:26,0
DA:27,0
DA:28,0
DA:29,0
DA:30,0
DA:31,0
DA:33,0
DA:34,0
DA:35,0
DA:36,0
DA:37,0
DA:38,0
DA:40,0
DA:41,0
DA:42,0
DA:44,0
DA:45,0
DA:46,0
DA:47,0
DA:48,0
DA:49,0
DA:50,0
DA:51,0
DA:52,0
DA:54,0
DA:55,0
DA:56,0
DA:57,0
DA:58,0
DA:59,0
DA:60,0
DA:61,0
DA:62,0
DA:63,0
DA:64,0
DA:65,0
DA:66,0
DA:67,0
DA:68,0
DA:69,0
DA:70,0
DA:71,0
DA:72,0
DA:73,0
DA:74,0
DA:75,0
DA:77,0
DA:78,0
DA:80,0
DA:81,0
DA:82,0
DA:83,0
DA:84,0
DA:85,0
DA:86,0
DA:87,0
DA:89,0
DA:90,0
DA:91,0
DA:92,0
DA:93,0
DA:94,0
DA:95,0
DA:96,0
DA:98,0
DA:99,0
DA:100,0
DA:101,0
DA:102,0
DA:103,0
DA:104,0
DA:105,0
DA:106,0
DA:107,0
DA:110,0
DA:112,0
DA:113,0
DA:114,0
DA:115,0
DA:116,0
DA:117,0
DA:118,0
DA:120,0
DA:121,0
DA:122,0
DA:123,0
DA:125,0
DA:126,0
DA:127,0
DA:128,0
DA:131,0
DA:132,0
DA:133,0
DA:134,0
DA:135,0
DA:136,0
DA:137,0
DA:138,0
DA:139,0
DA:140,0
DA:141,0
DA:143,0
DA:144,0
DA:145,0
DA:146,0
DA:147,0
DA:150,0
DA:151,0
DA:152,0
DA:153,0
DA:157,0
DA:158,0
DA:159,0
DA:160,0
DA:161,0
DA:162,0
DA:163,0
DA:165,0
DA:166,0
DA:167,0
DA:168,0
DA:169,0
DA:170,0
DA:171,0
DA:172,0
DA:173,0
DA:174,0
DA:175,0
DA:178,0
DA:179,0
DA:180,0
DA:181,0
DA:185,0
DA:186,0
DA:187,0
DA:190,0
DA:193,0
DA:194,0
DA:195,0
DA:196,0
DA:197,0
DA:199,0
DA:201,0
DA:202,0
DA:203,0
DA:204,0
DA:207,0
DA:208,0
DA:209,0
DA:210,0
DA:211,0
DA:212,0
DA:213,0
DA:214,0
DA:215,0
DA:217,0
DA:218,0
DA:219,0
DA:220,0
DA:221,0
DA:222,0
DA:223,0
DA:224,0
DA:225,0
DA:227,0
DA:228,0
DA:229,0
DA:230,0
DA:232,0
DA:233,0
DA:235,0
DA:237,0
DA:238,0
DA:242,0
DA:243,0
DA:244,0
DA:245,0
DA:247,0
DA:248,0
DA:250,0
LF:195
LH:0
BRDA:1,0,0,1
BRF:1
BRH:1
end_of_record
TN:
SF:components/theme-provider.tsx
FN:1,(empty-report)
FNF:1
FNH:1
FNDA:1,(empty-report)
DA:4,0
DA:9,0
DA:10,0
DA:11,0
LF:4
LH:0
BRDA:1,0,0,1
BRF:1
BRH:1
end_of_record
TN:
SF:components/theme-switcher.tsx
FN:11,ThemeSwitcher
FN:46,onClick
FN:80,onClick
FNF:3
FNH:1
FNDA:46,ThemeSwitcher
FNDA:0,onClick
FNDA:0,onClick
DA:3,1
DA:4,1
DA:5,1
DA:11,1
DA:12,46
DA:13,46
DA:15,46
DA:16,46
DA:17,46
DA:18,46
DA:19,46
DA:20,46
DA:21,46
DA:22,46
DA:23,46
DA:24,46
DA:25,46
DA:26,46
DA:27,46
DA:28,46
DA:29,46
DA:30,46
DA:31,46
DA:32,46
DA:33,46
DA:34,46
DA:36,46
DA:37,23
DA:38,23
DA:39,23
DA:40,69
DA:41,69
DA:43,69
DA:44,69
DA:45,69
DA:46,69
DA:47,69
DA:49,69
DA:50,23
DA:51,46
DA:52,69
DA:54,69
DA:56,69
DA:57,69
DA:59,23
DA:60,23
DA:62,23
DA:64,23
DA:65,23
DA:66,23
DA:67,23
DA:68,23
DA:69,23
DA:70,23
DA:72,23
DA:73,23
DA:74,69
DA:75,69
DA:77,69
DA:78,69
DA:79,69
DA:80,69
DA:81,69
DA:84,69
DA:85,23
DA:86,46
DA:87,69
DA:91,69
DA:92,23
DA:96,69
DA:98,69
DA:100,69
DA:101,69
DA:104,69
DA:107,69
DA:108,69
DA:109,207
DA:110,207
DA:111,207
DA:112,207
DA:113,207
DA:114,207
DA:115,69
DA:116,69
DA:119,69
DA:120,23
DA:121,23
DA:122,23
DA:124,69
DA:126,23
DA:127,23
DA:128,23
DA:130,23
LF:93
LH:93
BRDA:11,0,0,46
BRDA:36,1,0,23
BRDA:39,2,0,69
BRDA:49,3,0,23
BRDA:50,4,0,46
BRDA:73,5,0,69
BRDA:84,6,0,23
BRDA:85,7,0,46
BRDA:91,8,0,23
BRDA:98,9,0,23
BRDA:98,10,0,46
BRDA:100,11,0,23
BRDA:100,12,0,46
BRDA:119,13,0,23
BRDA:108,14,0,207
BRDA:112,15,0,69
BRDA:112,16,0,138
BRF:17
BRH:17
end_of_record
TN:
SF:components/welcome-form.tsx
FN:1,(empty-report)
FNF:1
FNH:1
FNDA:1,(empty-report)
DA:3,0
DA:4,0
DA:5,0
DA:11,0
DA:12,0
DA:13,0
DA:14,0
DA:16,0
DA:17,0
DA:18,0
DA:19,0
DA:20,0
DA:21,0
DA:23,0
DA:24,0
DA:26,0
DA:28,0
DA:29,0
DA:31,0
DA:32,0
DA:33,0
DA:34,0
DA:35,0
DA:36,0
DA:37,0
DA:38,0
DA:39,0
DA:40,0
DA:41,0
DA:42,0
DA:43,0
DA:46,0
DA:47,0
DA:48,0
DA:49,0
DA:50,0
DA:51,0
DA:52,0
DA:53,0
DA:54,0
DA:55,0
DA:58,0
DA:61,0
DA:62,0
DA:63,0
DA:64,0
DA:65,0
DA:68,0
DA:69,0
DA:70,0
DA:71,0
DA:72,0
DA:73,0
DA:75,0
DA:76,0
DA:78,0
LF:56
LH:0
BRDA:1,0,0,1
BRF:1
BRH:1
end_of_record
TN:
SF:components/welcome-screen.tsx
FN:1,(empty-report)
FNF:1
FNH:1
FNDA:1,(empty-report)
DA:3,0
DA:4,0
DA:5,0
DA:12,0
DA:13,0
DA:15,0
DA:16,0
DA:17,0
DA:18,0
DA:20,0
DA:21,0
DA:23,0
DA:25,0
DA:27,0
LF:14
LH:0
BRDA:1,0,0,1
BRF:1
BRH:1
end_of_record
TN:
SF:lib/services/canvas.ts
FN:1,(empty-report)
FNF:1
FNH:1
FNDA:1,(empty-report)
DA:6,0
DA:7,0
DA:8,0
DA:9,0
DA:10,0
DA:11,0
DA:13,0
DA:15,0
DA:16,0
DA:17,0
DA:19,0
DA:20,0
DA:22,0
DA:23,0
DA:24,0
DA:25,0
DA:26,0
DA:27,0
DA:28,0
DA:29,0
DA:30,0
DA:31,0
DA:32,0
DA:34,0
DA:35,0
LF:25
LH:0
BRDA:1,0,0,1
BRF:1
BRH:1
end_of_record
TN:
SF:lib/services/player.ts
FN:1,(empty-report)
FNF:1
FNH:1
FNDA:1,(empty-report)
DA:13,0
DA:14,0
DA:15,0
DA:16,0
DA:17,0
DA:18,0
DA:19,0
DA:20,0
DA:22,0
DA:23,0
DA:24,0
DA:25,0
DA:26,0
DA:27,0
DA:29,0
DA:30,0
DA:31,0
DA:33,0
DA:34,0
DA:36,0
DA:37,0
DA:38,0
DA:39,0
DA:40,0
DA:41,0
DA:42,0
DA:43,0
DA:44,0
DA:45,0
DA:47,0
DA:48,0
DA:49,0
DA:51,0
DA:52,0
DA:54,0
DA:55,0
DA:56,0
DA:57,0
DA:58,0
DA:59,0
DA:60,0
DA:61,0
DA:63,0
DA:64,0
DA:65,0
DA:67,0
DA:68,0
DA:69,0
DA:70,0
DA:71,0
DA:72,0
DA:73,0
DA:74,0
DA:75,0
DA:76,0
DA:77,0
DA:79,0
DA:80,0
DA:81,0
DA:82,0
DA:83,0
DA:84,0
DA:85,0
DA:86,0
DA:87,0
LF:65
LH:0
BRDA:1,0,0,1
BRF:1
BRH:1
end_of_record
TN:
SF:lib/services/quiz.ts
FN:1,(empty-report)
FNF:1
FNH:1
FNDA:1,(empty-report)
DA:13,0
DA:14,0
DA:15,0
DA:16,0
DA:17,0
DA:18,0
DA:19,0
DA:20,0
DA:21,0
DA:22,0
DA:23,0
DA:24,0
DA:26,0
DA:27,0
DA:29,0
DA:30,0
DA:31,0
DA:32,0
DA:33,0
DA:34,0
DA:36,0
DA:37,0
DA:38,0
LF:23
LH:0
BRDA:1,0,0,1
BRF:1
BRH:1
end_of_record
TN:
SF:lib/services/stickers.ts
FN:1,(empty-report)
FNF:1
FNH:1
FNDA:1,(empty-report)
DA:6,0
DA:7,0
DA:8,0
DA:9,0
DA:10,0
DA:12,0
DA:13,0
DA:14,0
DA:15,0
DA:16,0
DA:17,0
DA:19,0
DA:20,0
DA:21,0
DA:23,0
DA:24,0
DA:25,0
DA:26,0
DA:27,0
DA:29,0
DA:30,0
DA:31,0
DA:33,0
DA:34,0
DA:35,0
DA:36,0
DA:37,0
DA:38,0
DA:40,0
DA:41,0
DA:42,0
DA:43,0
DA:44,0
DA:46,0
DA:50,0
DA:51,0
DA:52,0
DA:53,0
DA:54,0
DA:55,0
DA:57,0
DA:58,0
DA:61,0
DA:62,0
DA:63,0
DA:64,0
DA:65,0
DA:66,0
DA:68,0
DA:69,0
LF:50
LH:0
BRDA:1,0,0,1
BRF:1
BRH:1
end_of_record
TN:
SF:lib/services/subject-content.ts
FN:12,listSubjects
FN:23,getSubjectByKey
FN:37,getSubjectById
FN:51,getQuestionById
FN:66,maxSortOrder
FN:82,getActiveQuestions
FN:105,getSubjectContent
FN:143,toRow
FN:158,listAllQuestionsForSubject
FN:174,createQuestion
FN:187,updateQuestion
FN:202,setQuestionActive
FN:210,deleteQuestion
FNF:13
FNH:3
FNDA:0,listSubjects
FNDA:4,getSubjectByKey
FNDA:0,getSubjectById
FNDA:0,getQuestionById
FNDA:0,maxSortOrder
FNDA:3,getActiveQuestions
FNDA:4,getSubjectContent
FNDA:0,toRow
FNDA:0,listAllQuestionsForSubject
FNDA:0,createQuestion
FNDA:0,updateQuestion
FNDA:0,setQuestionActive
FNDA:0,deleteQuestion
DA:4,1
DA:12,0
DA:13,0
DA:14,0
DA:15,0
DA:16,0
DA:17,0
DA:19,0
DA:20,0
DA:21,0
DA:23,4
DA:24,4
DA:25,4
DA:26,4
DA:27,4
DA:28,4
DA:29,4
DA:30,4
DA:31,4
DA:33,4
DA:34,4
DA:35,4
DA:37,0
DA:38,0
DA:39,0
DA:40,0
DA:41,0
DA:42,0
DA:43,0
DA:44,0
DA:45,0
DA:47,0
DA:48,0
DA:49,0
DA:51,0
DA:52,0
DA:53,0
DA:54,0
DA:55,0
DA:56,0
DA:57,0
DA:58,0
DA:59,0
DA:61,0
DA:62,0
DA:63,0
DA:66,0
DA:67,0
DA:68,0
DA:69,0
DA:70,0
DA:71,0
DA:72,0
DA:73,0
DA:74,0
DA:75,0
DA:76,0
DA:78,0
DA:79,0
DA:80,0
DA:82,3
DA:83,3
DA:84,3
DA:85,3
DA:86,3
DA:87,3
DA:88,3
DA:89,3
DA:90,3
DA:91,3
DA:92,3
DA:94,3
DA:95,3
DA:96,3
DA:105,4
DA:106,4
DA:107,4
DA:108,4
DA:109,4
DA:110,4
DA:111,4
DA:113,3
DA:114,3
DA:116,3
DA:117,3
DA:118,3
DA:119,3
DA:120,3
DA:121,3
DA:122,3
DA:143,0
DA:144,0
DA:145,0
DA:146,0
DA:147,0
DA:148,0
DA:149,0
DA:150,0
DA:151,0
DA:152,0
DA:153,0
DA:154,0
DA:155,0
DA:156,0
DA:158,0
DA:159,0
DA:160,0
DA:161,0
DA:162,0
DA:163,0
DA:164,0
DA:165,0
DA:166,0
DA:167,0
DA:168,0
DA:169,0
DA:170,0
DA:171,0
DA:172,0
DA:174,0
DA:175,0
DA:176,0
DA:177,0
DA:178,0
DA:179,0
DA:180,0
DA:181,0
DA:182,0
DA:183,0
DA:184,0
DA:185,0
DA:187,0
DA:188,0
DA:189,0
DA:190,0
DA:191,0
DA:192,0
DA:193,0
DA:194,0
DA:195,0
DA:196,0
DA:197,0
DA:198,0
DA:199,0
DA:200,0
DA:202,0
DA:203,0
DA:204,0
DA:205,0
DA:206,0
DA:207,0
DA:208,0
DA:210,0
DA:211,0
DA:212,0
DA:213,0
LF:156
LH:43
BRDA:23,0,0,4
BRDA:33,1,0,0
BRDA:34,2,0,1
BRDA:82,3,0,3
BRDA:94,4,0,0
BRDA:95,5,0,0
BRDA:105,6,0,4
BRDA:111,7,0,1
BRDA:111,8,0,3
BRDA:114,9,0,4
BRF:10
BRH:7
end_of_record
